
> server@0.0.0 start /usr/local/src/fh2015
> node ./bin/www

[0mGET / [36m304 [0m20.876 ms - -[0m
[0mGET /angular_lib/bootstrap.min.css [36m304 [0m2.526 ms - -[0m
[0mGET /angular_lib/angular.min.js [36m304 [0m1.010 ms - -[0m
[0mGET /angular_lib/angular-ui-router.js [36m304 [0m0.474 ms - -[0m
[0mGET /javascripts/angularApp.js [36m304 [0m0.351 ms - -[0m
[0mGET /stylesheets/style.css [36m304 [0m0.316 ms - -[0m
[0mGET / [36m304 [0m1.915 ms - -[0m
[0mGET /angular_lib/bootstrap.min.css [36m304 [0m0.538 ms - -[0m
[0mGET /angular_lib/angular.min.js [36m304 [0m0.324 ms - -[0m
[0mGET /angular_lib/angular-ui-router.js [36m304 [0m0.589 ms - -[0m
[0mGET /javascripts/angularApp.js [36m304 [0m0.343 ms - -[0m
[0mGET /stylesheets/style.css [36m304 [0m0.459 ms - -[0m
[0mGET / [36m304 [0m1.152 ms - -[0m
[0mGET /angular_lib/bootstrap.min.css [36m304 [0m1.256 ms - -[0m
[0mGET /angular_lib/angular.min.js [36m304 [0m0.665 ms - -[0m
[0mGET /angular_lib/angular-ui-router.js [36m304 [0m0.315 ms - -[0m
[0mGET /javascripts/angularApp.js [36m304 [0m0.342 ms - -[0m
[0mGET /stylesheets/style.css [36m304 [0m0.730 ms - -[0m
[0mGET / [36m304 [0m1.037 ms - -[0m
[0mGET /angular_lib/bootstrap.min.css [36m304 [0m1.026 ms - -[0m
[0mGET /angular_lib/angular.min.js [36m304 [0m0.299 ms - -[0m
[0mGET /angular_lib/angular-ui-router.js [36m304 [0m0.310 ms - -[0m
[0mGET /javascripts/angularApp.js [36m304 [0m0.539 ms - -[0m
[0mGET /stylesheets/style.css [36m304 [0m0.507 ms - -[0m
[0mGET / [36m304 [0m1.130 ms - -[0m
[0mGET /angular_lib/bootstrap.min.css [36m304 [0m0.723 ms - -[0m
[0mGET /angular_lib/angular.min.js [36m304 [0m0.944 ms - -[0m
[0mGET /angular_lib/angular-ui-router.js [36m304 [0m1.036 ms - -[0m
[0mGET /stylesheets/style.css [36m304 [0m1.065 ms - -[0m
[0mGET /javascripts/angularApp.js [36m304 [0m1.063 ms - -[0m
[0mGET /persons [36m304 [0m9.937 ms - -[0m
[0mGET / [36m304 [0m1.234 ms - -[0m
[0mGET /angular_lib/bootstrap.min.css [36m304 [0m0.720 ms - -[0m
[0mGET /angular_lib/angular.min.js [36m304 [0m0.573 ms - -[0m
[0mGET /angular_lib/angular-ui-router.js [36m304 [0m0.563 ms - -[0m
[0mGET /stylesheets/style.css [36m304 [0m0.948 ms - -[0m
[0mGET /javascripts/angularApp.js [36m304 [0m0.647 ms - -[0m
[0mGET /persons [36m304 [0m2.006 ms - -[0m
[0mGET / [36m304 [0m1.256 ms - -[0m
[0mGET /angular_lib/bootstrap.min.css [36m304 [0m0.509 ms - -[0m
[0mGET /stylesheets/style.css [36m304 [0m0.538 ms - -[0m
[0mGET /angular_lib/angular-ui-router.js [36m304 [0m0.441 ms - -[0m
[0mGET /angular_lib/angular.min.js [36m304 [0m0.866 ms - -[0m
[0mGET /javascripts/angularApp.js [36m304 [0m0.366 ms - -[0m
[0mGET / [36m304 [0m1.080 ms - -[0m
[0mGET /angular_lib/angular.min.js [36m304 [0m1.071 ms - -[0m
[0mGET /angular_lib/bootstrap.min.css [36m304 [0m0.774 ms - -[0m
[0mGET /angular_lib/angular-ui-router.js [36m304 [0m0.643 ms - -[0m
[0mGET /javascripts/angularApp.js [36m304 [0m0.660 ms - -[0m
[0mGET /stylesheets/style.css [36m304 [0m0.394 ms - -[0m
[0mGET /persons [36m304 [0m1.366 ms - -[0m
[0mGET / [36m304 [0m1.088 ms - -[0m
[0mGET /angular_lib/angular.min.js [36m304 [0m0.553 ms - -[0m
[0mGET /angular_lib/bootstrap.min.css [36m304 [0m0.344 ms - -[0m
[0mGET /angular_lib/angular-ui-router.js [36m304 [0m0.323 ms - -[0m
[0mGET /javascripts/angularApp.js [36m304 [0m0.308 ms - -[0m
[0mGET /stylesheets/style.css [36m304 [0m0.473 ms - -[0m
[0mGET / [36m304 [0m1.115 ms - -[0m
[0mGET /angular_lib/bootstrap.min.css [36m304 [0m0.526 ms - -[0m
[0mGET /angular_lib/angular-ui-router.js [36m304 [0m0.331 ms - -[0m
[0mGET /javascripts/angularApp.js [36m304 [0m0.608 ms - -[0m
[0mGET /angular_lib/angular.min.js [36m304 [0m0.578 ms - -[0m
[0mGET /stylesheets/style.css [36m304 [0m0.344 ms - -[0m
[0mGET / [36m304 [0m1.588 ms - -[0m
[0mGET /angular_lib/bootstrap.min.css [36m304 [0m0.560 ms - -[0m
[0mGET /angular_lib/angular.min.js [36m304 [0m0.631 ms - -[0m
[0mGET /javascripts/angularApp.js [36m304 [0m0.408 ms - -[0m
[0mGET /angular_lib/angular-ui-router.js [36m304 [0m0.349 ms - -[0m
[0mGET /stylesheets/style.css [36m304 [0m0.437 ms - -[0m
[0mGET / [36m304 [0m1.139 ms - -[0m
[0mGET /angular_lib/bootstrap.min.css [36m304 [0m0.568 ms - -[0m
[0mGET /stylesheets/style.css [36m304 [0m0.561 ms - -[0m
[0mGET /angular_lib/angular-ui-router.js [36m304 [0m0.946 ms - -[0m
[0mGET /javascripts/angularApp.js [36m304 [0m0.738 ms - -[0m
[0mGET /angular_lib/angular.min.js [36m304 [0m0.728 ms - -[0m
[0mGET / [36m304 [0m1.223 ms - -[0m
[0mGET /angular_lib/angular-ui-router.js [36m304 [0m1.543 ms - -[0m
[0mGET /javascripts/angularApp.js [36m304 [0m1.489 ms - -[0m
[0mGET /stylesheets/style.css [36m304 [0m1.606 ms - -[0m
[0mGET /angular_lib/bootstrap.min.css [36m304 [0m0.936 ms - -[0m
[0mGET /angular_lib/angular.min.js [36m304 [0m0.569 ms - -[0m
[0mGET / [36m304 [0m1.160 ms - -[0m
[0mGET /angular_lib/bootstrap.min.css [36m304 [0m0.632 ms - -[0m
[0mGET /angular_lib/angular-ui-router.js [36m304 [0m1.138 ms - -[0m
[0mGET /angular_lib/angular.min.js [36m304 [0m1.119 ms - -[0m
[0mGET /stylesheets/style.css [36m304 [0m1.098 ms - -[0m
[0mGET /javascripts/angularApp.js [36m304 [0m0.351 ms - -[0m
[0mGET / [36m304 [0m1.393 ms - -[0m
[0mGET /angular_lib/bootstrap.min.css [36m304 [0m0.814 ms - -[0m
[0mGET /angular_lib/angular.min.js [36m304 [0m0.698 ms - -[0m
[0mGET /angular_lib/angular-ui-router.js [36m304 [0m0.581 ms - -[0m
[0mGET /javascripts/angularApp.js [36m304 [0m0.531 ms - -[0m
[0mGET /stylesheets/style.css [36m304 [0m0.345 ms - -[0m
[0mGET / [36m304 [0m1.571 ms - -[0m
[0mGET /angular_lib/bootstrap.min.css [36m304 [0m0.721 ms - -[0m
[0mGET /angular_lib/angular.min.js [36m304 [0m0.602 ms - -[0m
[0mGET /angular_lib/angular-ui-router.js [36m304 [0m0.598 ms - -[0m
[0mGET /javascripts/angularApp.js [36m304 [0m0.394 ms - -[0m
[0mGET /stylesheets/style.css [36m304 [0m0.369 ms - -[0m
[0mGET / [36m304 [0m1.228 ms - -[0m
[0mGET /angular_lib/bootstrap.min.css [36m304 [0m0.825 ms - -[0m
[0mGET /angular_lib/angular.min.js [36m304 [0m0.709 ms - -[0m
[0mGET /angular_lib/angular-ui-router.js [36m304 [0m0.343 ms - -[0m
[0mGET /javascripts/angularApp.js [36m304 [0m0.342 ms - -[0m
[0mGET /stylesheets/style.css [36m304 [0m0.350 ms - -[0m
[0mGET / [36m304 [0m1.109 ms - -[0m
[0mGET /angular_lib/bootstrap.min.css [36m304 [0m1.438 ms - -[0m
[0mGET /angular_lib/angular-ui-router.js [36m304 [0m0.691 ms - -[0m
[0mGET /angular_lib/angular.min.js [36m304 [0m0.648 ms - -[0m
[0mGET /javascripts/angularApp.js [36m304 [0m0.359 ms - -[0m
[0mGET /stylesheets/style.css [36m304 [0m0.333 ms - -[0m
[0mGET /persons [36m304 [0m1.782 ms - -[0m
[0mGET / [36m304 [0m1.145 ms - -[0m
[0mGET /angular_lib/bootstrap.min.css [36m304 [0m0.547 ms - -[0m
[0mGET /angular_lib/angular.min.js [36m304 [0m0.365 ms - -[0m
[0mGET /angular_lib/angular-ui-router.js [36m304 [0m0.333 ms - -[0m
[0mGET /javascripts/angularApp.js [36m304 [0m0.334 ms - -[0m
[0mGET /stylesheets/style.css [36m304 [0m0.331 ms - -[0m
[0mGET /persons [36m304 [0m2.522 ms - -[0m
[0mGET / [36m304 [0m1.302 ms - -[0m
[0mGET /angular_lib/bootstrap.min.css [36m304 [0m0.495 ms - -[0m
[0mGET /angular_lib/angular.min.js [36m304 [0m0.290 ms - -[0m
[0mGET /angular_lib/angular-ui-router.js [36m304 [0m0.336 ms - -[0m
[0mGET /javascripts/angularApp.js [36m304 [0m0.505 ms - -[0m
[0mGET /stylesheets/style.css [36m304 [0m1.437 ms - -[0m
[0mGET / [32m200 [0m3.069 ms - 7261[0m
[0mGET / [32m200 [0m1.202 ms - 7261[0m
[0mGET /favicon.ico [33m404 [0m3.902 ms - 946[0m
[0mGET / [32m200 [0m1.178 ms - 7261[0m
[0mGET /robots.txt [33m404 [0m1.373 ms - 946[0m
[0mGET / [32m200 [0m1.258 ms - 7261[0m
[0mGET /charles.html [33m404 [0m6.850 ms - 946[0m
[0mGET /angular_lib/angular-ui-router.js [32m200 [0m40.115 ms - 116478[0m
[0mGET /angular_lib/angular.min.js [32m200 [0m38.083 ms - 106439[0m
[0mGET /javascripts/angularApp.js [32m200 [0m0.842 ms - 14499[0m
[0mGET /angular_lib/bootstrap.min.css [32m200 [0m1.276 ms - 109518[0m
[0mGET /stylesheets/style.css [32m200 [0m0.855 ms - 154[0m
[0mGET / [32m200 [0m1.224 ms - 7261[0m
[0mGET / [32m200 [0m1.041 ms - 7261[0m
[0mGET /robots.txt [33m404 [0m1.136 ms - 946[0m
[0mGET / [32m200 [0m1.039 ms - 7261[0m
[0mGET / [32m200 [0m1.018 ms - 7261[0m
[0mGET /index.cgi [33m404 [0m2.023 ms - 946[0m
[0mGET /cgi-sys/helpdesk.cgi [33m404 [0m1.147 ms - 946[0m
[0mGET /cgi-sys/signup.cgi [33m404 [0m1.080 ms - 946[0m
[0mGET /cgi-bin/about_us.cgi [33m404 [0m1.133 ms - 946[0m
[0mGET /cgi-bin/calendar.cgi [33m404 [0m1.141 ms - 946[0m
[0mGET /cgi-bin/search.cgi [33m404 [0m1.253 ms - 946[0m
[0mGET /cgi-bin/concept.cgi [33m404 [0m1.973 ms - 946[0m
[0mGET /cgi-bin/backup.cgi [33m404 [0m1.284 ms - 946[0m
[0mGET /cgi-bin/firewall.cgi [33m404 [0m1.486 ms - 946[0m
[0mGET /cgi-bin/test-cgi [33m404 [0m1.453 ms - 946[0m
[0mGET /cgi-bin/Count.cgi [33m404 [0m1.130 ms - 946[0m
[0mGET /cgi-bin/test.sh [33m404 [0m1.358 ms - 946[0m
[0mGET /cgi-bin/test [33m404 [0m1.138 ms - 946[0m
[0mGET /cgi-bin/forum.cgi [33m404 [0m1.183 ms - 946[0m
[0mGET /cgi-bin/hello.cgi [33m404 [0m1.106 ms - 946[0m
[0mGET /cgi-bin/php [33m404 [0m1.269 ms - 946[0m
[0mGET /cgi-bin/php4 [33m404 [0m1.144 ms - 946[0m
[0mGET /cgi-bin/php5 [33m404 [0m1.589 ms - 946[0m
[0mGET /cgi-bin/php5-cli [33m404 [0m1.093 ms - 946[0m
[0mGET /cgi-sys/defaultwebpage.cgi [33m404 [0m1.222 ms - 946[0m
[0mGET /cgi-sys/entropysearch.cgi [33m404 [0m1.172 ms - 946[0m
[0mGET /cgi-sys/php5 [33m404 [0m1.091 ms - 946[0m
[0mGET /phppath/cgi_wrapper [33m404 [0m1.097 ms - 946[0m
[0mGET /phppath/php [33m404 [0m1.082 ms - 946[0m
[0mHEAD / [32m200 [0m1.160 ms - 7261[0m
[0mGET /favicon.ico [33m404 [0m1.342 ms - 946[0m
[0mGET http://testp1.piwo.pila.pl/testproxy.php [33m404 [0m1.281 ms - 946[0m
[0mGET / [36m304 [0m1.735 ms - -[0m
[0mGET /angular_lib/bootstrap.min.css [36m304 [0m0.822 ms - -[0m
[0mGET /angular_lib/angular.min.js [36m304 [0m0.461 ms - -[0m
[0mGET /angular_lib/angular-ui-router.js [36m304 [0m0.466 ms - -[0m
[0mGET /javascripts/angularApp.js [36m304 [0m0.331 ms - -[0m
[0mGET /stylesheets/style.css [36m304 [0m0.336 ms - -[0m
[0mGET /favicon.ico [33m404 [0m1.101 ms - 946[0m
[0mGET /persons [36m304 [0m1.277 ms - -[0m
[0mGET /robots.txt [33m404 [0m1.010 ms - 946[0m
[0mGET / [36m304 [0m1.231 ms - -[0m
[0mGET /angular_lib/bootstrap.min.css [36m304 [0m0.471 ms - -[0m
[0mGET /angular_lib/angular.min.js [36m304 [0m0.358 ms - -[0m
[0mGET /javascripts/angularApp.js [36m304 [0m0.381 ms - -[0m
[0mGET /angular_lib/angular-ui-router.js [36m304 [0m0.300 ms - -[0m
[0mGET /stylesheets/style.css [36m304 [0m0.403 ms - -[0m
[0mGET /favicon.ico [33m404 [0m1.188 ms - 946[0m
[0mGET /persons [36m304 [0m1.643 ms - -[0m
[0mGET / [36m304 [0m1.039 ms - -[0m
[0mGET /angular_lib/bootstrap.min.css [36m304 [0m0.533 ms - -[0m
[0mGET /angular_lib/angular.min.js [36m304 [0m0.367 ms - -[0m
[0mGET /angular_lib/angular-ui-router.js [36m304 [0m0.500 ms - -[0m
[0mGET /javascripts/angularApp.js [36m304 [0m0.314 ms - -[0m
[0mGET /stylesheets/style.css [36m304 [0m0.479 ms - -[0m
[0mGET / [32m200 [0m1.084 ms - 7261[0m
[0mGET /favicon.ico [33m404 [0m1.044 ms - 946[0m
[0mGET / [32m200 [0m1.138 ms - 7261[0m
[0mGET / [32m200 [0m1.079 ms - 7261[0m
[0mGET /stylesheets/style.css [32m200 [0m2.334 ms - 154[0m
[0mGET /javascripts/angularApp.js [32m200 [0m2.232 ms - 14499[0m
[0mGET /angular_lib/bootstrap.min.css [32m200 [0m167.647 ms - 109518[0m
[0mGET /angular_lib/angular.min.js [32m200 [0m165.396 ms - 106439[0m
[0mGET /angular_lib/angular-ui-router.js [32m200 [0m165.227 ms - 116478[0m
[0mGET /angular_lib/angular-ui-router.js [32m200 [0m167.640 ms - 116478[0m
[0mGET / [36m304 [0m1.048 ms - -[0m
[0mGET /angular_lib/bootstrap.min.css [36m304 [0m0.536 ms - -[0m
[0mGET /javascripts/angularApp.js [36m304 [0m0.335 ms - -[0m
[0mGET /angular_lib/angular.min.js [36m304 [0m0.648 ms - -[0m
[0mGET /stylesheets/style.css [36m304 [0m0.312 ms - -[0m
[0mGET /angular_lib/angular-ui-router.js [36m304 [0m0.837 ms - -[0m
[0mGET / [32m200 [0m1.095 ms - 7261[0m
[0mGET /javascripts/angularApp.js [32m200 [0m0.655 ms - 14499[0m
[0mGET /stylesheets/style.css [32m200 [0m0.783 ms - 154[0m
[0mGET /angular_lib/angular.min.js [32m200 [0m163.686 ms - 106439[0m
[0mGET /angular_lib/bootstrap.min.css [32m200 [0m165.491 ms - 109518[0m
[0mGET /angular_lib/angular-ui-router.js [32m200 [0m163.363 ms - 116478[0m
[0mGET / [32m200 [0m1.094 ms - 7261[0m
[0mGET /javascripts/angularApp.js [32m200 [0m1.416 ms - 14499[0m
[0mGET /stylesheets/style.css [32m200 [0m1.618 ms - 154[0m
[0mGET /angular_lib/angular.min.js [32m200 [0m164.159 ms - 106439[0m
[0mGET /angular_lib/angular-ui-router.js [32m200 [0m164.848 ms - 116478[0m
[0mGET /angular_lib/bootstrap.min.css [32m200 [0m167.886 ms - 109518[0m
[0mHEAD / [32m200 [0m1.433 ms - 7261[0m
[0mHEAD / [32m200 [0m1.035 ms - 7261[0m
[0mGET / [32m200 [0m1.030 ms - 7261[0m
[0mGET /javascripts/angularApp.js [32m200 [0m0.566 ms - 14499[0m
[0mGET /stylesheets/style.css [32m200 [0m0.516 ms - 154[0m
[0mGET /angular_lib/bootstrap.min.css [32m200 [0m162.265 ms - 109518[0m
[0mGET /angular_lib/angular.min.js [32m200 [0m163.260 ms - 106439[0m
[0mGET /angular_lib/angular-ui-router.js [32m200 [0m163.118 ms - 116478[0m
[0mGET /tmUnblock.cgi [33m404 [0m1.155 ms - 946[0m
[0mGET / [32m200 [0m1.178 ms - 7261[0m
[0mGET / [32m200 [0m1.082 ms - 7261[0m
[0mGET /javascripts/angularApp.js [32m200 [0m0.646 ms - 14499[0m
[0mGET /stylesheets/style.css [32m200 [0m0.549 ms - 154[0m
[0mGET /angular_lib/bootstrap.min.css [32m200 [0m186.689 ms - 109518[0m
[0mGET /angular_lib/angular.min.js [32m200 [0m185.030 ms - 106439[0m
[0mGET /angular_lib/angular-ui-router.js [32m200 [0m187.878 ms - 116478[0m
[0mGET /angular_lib/angular-ui-router.js [32m200 [0m94.159 ms - 116478[0m
[0mGET / [32m200 [0m2.449 ms - 7261[0m
[0mGET / [32m200 [0m1.108 ms - 7261[0m
[0mGET /javascripts/angularApp.js [32m200 [0m2.188 ms - 14499[0m
[0mGET /stylesheets/style.css [32m200 [0m1.407 ms - 154[0m
[0mGET /angular_lib/bootstrap.min.css [32m200 [0m165.058 ms - 109518[0m
[0mGET /angular_lib/angular-ui-router.js [32m200 [0m168.708 ms - 116478[0m
[0mGET /angular_lib/angular.min.js [32m200 [0m169.141 ms - 106439[0m
[0mGET /angular_lib/angular-ui-router.js [32m200 [0m163.388 ms - 116478[0m
[0mGET / [32m200 [0m2.107 ms - 7261[0m
[0mGET /favicon.ico [33m404 [0m1.092 ms - 946[0m
[0mGET / [32m200 [0m1.047 ms - 7261[0m
[0mGET / [36m304 [0m1.095 ms - -[0m
[0mGET /angular_lib/bootstrap.min.css [36m304 [0m0.500 ms - -[0m
[0mGET /angular_lib/angular.min.js [36m304 [0m0.752 ms - -[0m
[0mGET /angular_lib/angular-ui-router.js [36m304 [0m0.359 ms - -[0m
[0mGET /javascripts/angularApp.js [36m304 [0m0.314 ms - -[0m
[0mGET /stylesheets/style.css [36m304 [0m0.373 ms - -[0m
[0mGET /favicon.ico [33m404 [0m1.748 ms - 946[0m
[0mGET /persons [36m304 [0m1.266 ms - -[0m
[0mHEAD / [32m200 [0m1.078 ms - 7261[0m
[0mHEAD / [32m200 [0m1.434 ms - 7261[0m
[0mGET / [32m200 [0m1.053 ms - 7261[0m
[0mGET / [32m200 [0m1.109 ms - 7261[0m
[0mGET /languages/flags/ptt_bbrr.gif [33m404 [0m1.070 ms - 946[0m
[0mHEAD / [32m200 [0m1.329 ms - 7261[0m
[0mGET /vtigercrm/test/upload/vtigercrm.txt [33m404 [0m1.870 ms - 946[0m
[0mGET /manager/html [33m404 [0m2.205 ms - 946[0m
[0mGET / [32m200 [0m1.202 ms - 7261[0m
[0mGET /javascripts/angularApp.js [32m200 [0m2.135 ms - 14499[0m
[0mGET /angular_lib/angular.min.js [32m200 [0m3.212 ms - 106439[0m
[0mGET /stylesheets/style.css [32m200 [0m1.257 ms - 154[0m
[0mGET /angular_lib/angular-ui-router.js [32m200 [0m3.458 ms - 116478[0m
[0mGET /angular_lib/bootstrap.min.css [32m200 [0m4.087 ms - 109518[0m
[0mGET /favicon.ico [33m404 [0m1.445 ms - 946[0m
[0mGET /favicon.ico [33m404 [0m0.858 ms - 946[0m
[0mGET /manager/html [33m404 [0m1.070 ms - 946[0m
[0mGET / [32m200 [0m1.041 ms - 7261[0m
[0mGET /user/soapCaller.bs [33m404 [0m2.041 ms - 946[0m
[0mGET / [32m200 [0m1.166 ms - 7261[0m
[0mGET / [32m200 [0m1.098 ms - 7261[0m
[0mGET / [32m200 [0m0.971 ms - 7261[0m
[0mGET /angular_lib/bootstrap.min.css [32m200 [0m92.372 ms - 109518[0m
[0mGET /stylesheets/style.css [32m200 [0m2.102 ms - 154[0m
[0mGET /javascripts/angularApp.js [32m200 [0m1.328 ms - 14499[0m
[0mGET /angular_lib/angular-ui-router.js [32m200 [0m76.666 ms - 116478[0m
[0mGET /angular_lib/angular.min.js [32m200 [0m76.036 ms - 106439[0m
[0mGET /favicon.ico [33m404 [0m1.052 ms - 946[0m
[0mGET / [32m200 [0m1.040 ms - 7261[0m
[0mGET /angular_lib/bootstrap.min.css [36m304 [0m1.363 ms - -[0m
[0mGET /angular_lib/angular.min.js [36m304 [0m0.462 ms - -[0m
[0mGET /javascripts/angularApp.js [36m304 [0m0.516 ms - -[0m
[0mGET /angular_lib/angular-ui-router.js [36m304 [0m0.369 ms - -[0m
[0mGET /stylesheets/style.css [36m304 [0m0.550 ms - -[0m
[0mGET /persons [32m200 [0m1.257 ms - 235[0m
[0mGET / [36m304 [0m1.033 ms - -[0m
[0mGET /angular_lib/angular.min.js [36m304 [0m0.526 ms - -[0m
[0mGET /angular_lib/angular-ui-router.js [36m304 [0m1.049 ms - -[0m
[0mGET /angular_lib/bootstrap.min.css [36m304 [0m1.045 ms - -[0m
[0mGET /stylesheets/style.css [36m304 [0m0.802 ms - -[0m
[0mGET /javascripts/angularApp.js [36m304 [0m0.726 ms - -[0m
[0mGET /persons [36m304 [0m1.328 ms - -[0m
[0mGET / [36m304 [0m1.181 ms - -[0m
[0mGET /angular_lib/angular.min.js [36m304 [0m1.434 ms - -[0m
[0mGET /angular_lib/bootstrap.min.css [36m304 [0m0.605 ms - -[0m
[0mGET /stylesheets/style.css [36m304 [0m0.377 ms - -[0m
[0mGET /angular_lib/angular-ui-router.js [36m304 [0m0.493 ms - -[0m
[0mGET /javascripts/angularApp.js [36m304 [0m0.564 ms - -[0m
[0mGET /persons [36m304 [0m1.925 ms - -[0m
[0mGET / [32m200 [0m1.790 ms - 7261[0m
[0mGET /angular_lib/angular.min.js [36m304 [0m1.067 ms - -[0m
[0mGET /angular_lib/bootstrap.min.css [36m304 [0m0.976 ms - -[0m
[0mGET /angular_lib/angular-ui-router.js [36m304 [0m0.960 ms - -[0m
[0mGET /javascripts/angularApp.js [36m304 [0m0.413 ms - -[0m
[0mGET /stylesheets/style.css [36m304 [0m1.259 ms - -[0m
[0mGET / [36m304 [0m1.114 ms - -[0m
[0mGET /angular_lib/bootstrap.min.css [36m304 [0m0.576 ms - -[0m
[0mGET /angular_lib/angular.min.js [36m304 [0m0.309 ms - -[0m
[0mGET /angular_lib/angular-ui-router.js [36m304 [0m0.368 ms - -[0m
[0mGET /javascripts/angularApp.js [36m304 [0m0.521 ms - -[0m
[0mGET /stylesheets/style.css [36m304 [0m0.519 ms - -[0m
[0mGET /persons [36m304 [0m1.738 ms - -[0m
[0mGET / [36m304 [0m1.019 ms - -[0m
[0mGET /angular_lib/bootstrap.min.css [36m304 [0m0.478 ms - -[0m
[0mGET /angular_lib/angular.min.js [36m304 [0m0.382 ms - -[0m
[0mGET /angular_lib/angular-ui-router.js [36m304 [0m0.362 ms - -[0m
[0mGET /javascripts/angularApp.js [36m304 [0m0.320 ms - -[0m
[0mGET /stylesheets/style.css [36m304 [0m0.555 ms - -[0m
[0mGET /persons [36m304 [0m2.059 ms - -[0m
[0mGET / [36m304 [0m1.144 ms - -[0m
[0mGET /stylesheets/style.css [36m304 [0m0.516 ms - -[0m
[0mGET /angular_lib/bootstrap.min.css [36m304 [0m1.042 ms - -[0m
[0mGET /angular_lib/angular-ui-router.js [36m304 [0m0.773 ms - -[0m
[0mGET /angular_lib/angular.min.js [36m304 [0m0.786 ms - -[0m
[0mGET /javascripts/angularApp.js [36m304 [0m0.325 ms - -[0m
[0mGET / [32m200 [0m1.498 ms - 7261[0m
[0mGET / [32m200 [0m1.303 ms - 7261[0m
[0mGET /javascripts/angularApp.js [32m200 [0m0.889 ms - 14499[0m
[0mGET /stylesheets/style.css [32m200 [0m0.804 ms - 154[0m
[0mGET /angular_lib/bootstrap.min.css [32m200 [0m132.794 ms - 109518[0m
[0mGET /angular_lib/angular-ui-router.js [32m200 [0m181.486 ms - 116478[0m
[0mGET /angular_lib/angular.min.js [32m200 [0m555.949 ms - 106439[0m
[0mGET / [32m200 [0m1.040 ms - 7261[0m
[0mGET /angular_lib/bootstrap.min.css [32m200 [0m68.464 ms - 109518[0m
[0mGET /javascripts/angularApp.js [36m304 [0m0.450 ms - -[0m
[0mGET /stylesheets/style.css [36m304 [0m0.316 ms - -[0m
[0mGET /angular_lib/angular.min.js [32m200 [0m69.426 ms - 106439[0m
[0mGET /angular_lib/angular-ui-router.js [32m200 [0m68.259 ms - 116478[0m
[0mGET / [32m200 [0m1.055 ms - 7261[0m
[0mGET /angular_lib/bootstrap.min.css [36m304 [0m0.516 ms - -[0m
[0mGET /angular_lib/angular-ui-router.js [36m304 [0m0.561 ms - -[0m
[0mGET /javascripts/angularApp.js [36m304 [0m0.346 ms - -[0m
[0mGET /angular_lib/angular.min.js [36m304 [0m0.356 ms - -[0m
[0mGET /stylesheets/style.css [36m304 [0m0.335 ms - -[0m
[0mGET /persons [32m200 [0m2.673 ms - 235[0m
[0mGET / [36m304 [0m1.061 ms - -[0m
[0mGET / [36m304 [0m1.065 ms - -[0m
[0mGET /angular_lib/bootstrap.min.css [36m304 [0m0.505 ms - -[0m
[0mGET /angular_lib/angular.min.js [36m304 [0m0.336 ms - -[0m
[0mGET /angular_lib/angular-ui-router.js [36m304 [0m0.380 ms - -[0m
[0mGET /javascripts/angularApp.js [36m304 [0m0.484 ms - -[0m
[0mGET /stylesheets/style.css [36m304 [0m0.484 ms - -[0m
[0mGET /favicon.ico [33m404 [0m1.215 ms - 946[0m
[0mGET /persons [36m304 [0m3.216 ms - -[0m
[0mGET / [36m304 [0m1.034 ms - -[0m
[0mGET /angular_lib/bootstrap.min.css [36m304 [0m0.531 ms - -[0m
[0mGET /angular_lib/angular.min.js [36m304 [0m0.344 ms - -[0m
[0mGET /angular_lib/angular-ui-router.js [36m304 [0m0.587 ms - -[0m
[0mGET /javascripts/angularApp.js [36m304 [0m0.569 ms - -[0m
[0mGET /stylesheets/style.css [36m304 [0m0.371 ms - -[0m

> server@0.0.0 start /usr/local/src/fh2015
> node ./bin/www

[0mGET / [36m304 [0m20.832 ms - -[0m
[0mGET /angular_lib/bootstrap.min.css [36m304 [0m2.561 ms - -[0m
[0mGET /angular_lib/angular.min.js [36m304 [0m0.892 ms - -[0m
[0mGET /angular_lib/angular-ui-router.js [36m304 [0m0.718 ms - -[0m
[0mGET /javascripts/angularApp.js [36m304 [0m0.639 ms - -[0m
[0mGET /stylesheets/style.css [36m304 [0m0.354 ms - -[0m
[0mGET /persons [36m304 [0m9.969 ms - -[0m
[0mPOST /persons [32m200 [0m17.862 ms - 4[0m
[0mGET / [36m304 [0m2.456 ms - -[0m
[0mGET /angular_lib/bootstrap.min.css [36m304 [0m0.565 ms - -[0m
[0mGET /angular_lib/angular.min.js [36m304 [0m0.347 ms - -[0m
[0mGET /angular_lib/angular-ui-router.js [36m304 [0m1.216 ms - -[0m
[0mGET /javascripts/angularApp.js [36m304 [0m0.952 ms - -[0m
[0mGET /stylesheets/style.css [36m304 [0m0.345 ms - -[0m
[0mGET /angular_lib/angular.min.js.map [36m304 [0m0.535 ms - -[0m
[0mGET / [36m304 [0m1.275 ms - -[0m
[0mGET /angular_lib/bootstrap.min.css [36m304 [0m0.825 ms - -[0m
[0mGET /angular_lib/angular.min.js [36m304 [0m0.784 ms - -[0m
[0mGET /angular_lib/angular-ui-router.js [36m304 [0m0.441 ms - -[0m
[0mGET /stylesheets/style.css [36m304 [0m0.620 ms - -[0m
[0mGET /javascripts/angularApp.js [36m304 [0m0.350 ms - -[0m
[0mGET /persons [32m200 [0m2.132 ms - 443[0m
[0mGET / [36m304 [0m1.063 ms - -[0m
[0mGET /angular_lib/bootstrap.min.css [36m304 [0m0.560 ms - -[0m
[0mGET /angular_lib/angular.min.js [36m304 [0m0.369 ms - -[0m
[0mGET /angular_lib/angular-ui-router.js [36m304 [0m0.792 ms - -[0m
[0mGET /stylesheets/style.css [36m304 [0m0.360 ms - -[0m
[0mGET /javascripts/angularApp.js [36m304 [0m0.950 ms - -[0m
[0mGET /persons [36m304 [0m1.751 ms - -[0m
